<?xml version="1.0" encoding="UTF-8" ?>
<testsuite errors="0" failures="0" hostname="disco-inferno" name="com.atimbo.paleovibe.IngredientSpec" tests="1" time="0.457" timestamp="2013-02-20T04:40:10">
  <properties />
  <testcase classname="com.atimbo.paleovibe.IngredientSpec" name="Add a new ingredient" time="0.441" />
  <system-out><![CDATA[]]></system-out>
  <system-err><![CDATA[--Output from Add a new ingredient--
]]></system-err>
</testsuite>
